<?xml version='1.0' encoding='UTF-8' ?>
<testsuite name="com.example.swen766_bettermaps.db.daos.UserDAOTest" tests="7" failures="0" errors="0" skipped="0" time="0.968" timestamp="2024-12-02T05:45:48" hostname="localhost">
  <properties>
    <property name="device" value="Medium_Phone_API_35(AVD) - 15" />
    <property name="flavor" value="" />
    <property name="project" value=":app" />
  </properties>
  <testcase name="testInsertAndGetUserFavoriteLocation" classname="com.example.swen766_bettermaps.db.daos.UserDAOTest" time="0.122" />
  <testcase name="testDeleteFavoriteLocation" classname="com.example.swen766_bettermaps.db.daos.UserDAOTest" time="0.029" />
  <testcase name="testGetAllUsers" classname="com.example.swen766_bettermaps.db.daos.UserDAOTest" time="0.005" />
  <testcase name="testGetUserWithFavoriteLocations" classname="com.example.swen766_bettermaps.db.daos.UserDAOTest" time="0.031" />
  <testcase name="testInsertAndGet" classname="com.example.swen766_bettermaps.db.daos.UserDAOTest" time="0.003" />
  <testcase name="testDelete" classname="com.example.swen766_bettermaps.db.daos.UserDAOTest" time="0.032" />
  <testcase name="testUpdate" classname="com.example.swen766_bettermaps.db.daos.UserDAOTest" time="0.029" />
</testsuite>