<?xml version='1.0' encoding='UTF-8' ?>
<testsuite name="com.example.swen766_bettermaps.db.daos.AmenityDAOTest" tests="1" failures="0" errors="0" skipped="0" time="43.112" timestamp="2024-12-02T05:07:51" hostname="localhost">
  <properties>
    <property name="device" value="Medium_Phone_API_35(AVD) - 15" />
    <property name="flavor" value="" />
    <property name="project" value=":app" />
  </properties>
  <testcase name="testGetIncludedLocations" classname="com.example.swen766_bettermaps.db.daos.AmenityDAOTest" time="42.401" />
</testsuite>