<?xml version='1.0' encoding='UTF-8' ?>
<testsuite name="com.example.swen766_bettermaps.db.daos.UserDAOTest" tests="1" failures="0" errors="0" skipped="0" time="0.656" timestamp="2024-12-02T04:52:16" hostname="localhost">
  <properties>
    <property name="device" value="Medium_Phone_API_35(AVD) - 15" />
    <property name="flavor" value="" />
    <property name="project" value=":app" />
  </properties>
  <testcase name="testDeleteFavoriteLocation" classname="com.example.swen766_bettermaps.db.daos.UserDAOTest" time="0.107" />
</testsuite>